#
# There is insufficient memory for the Java Runtime Environment to continue.
# Native memory allocation (malloc) failed to allocate 32744 bytes for ChunkPool::allocate
# Possible reasons:
#   The system is out of physical RAM or swap space
#   The process is running with CompressedOops enabled, and the Java Heap may be blocking the growth of the native heap
# Possible solutions:
#   Reduce memory load on the system
#   Increase physical memory or swap space
#   Check if swap backing store is full
#   Decrease Java heap size (-Xmx/-Xms)
#   Decrease number of Java threads
#   Decrease Java thread stack sizes (-Xss)
#   Set larger code cache with -XX:ReservedCodeCacheSize=
#   JVM is running with Unscaled Compressed Oops mode in which the Java heap is
#     placed in the first 4GB address space. The Java Heap base address is the
#     maximum limit for the native heap growth. Please use -XX:HeapBaseMinAddress
#     to set the Java Heap base and to place the Java Heap above 4GB virtual address.
# This output file may be truncated or incomplete.
#
#  Out of Memory Error (allocation.cpp:272), pid=66428, tid=0x000000000000fd20
#
# JRE version: Java(TM) SE Runtime Environment (8.0_211-b12) (build 1.8.0_211-b12)
# Java VM: Java HotSpot(TM) 64-Bit Server VM (25.211-b12 mixed mode windows-amd64 compressed oops)
# Failed to write core dump. Minidumps are not enabled by default on client versions of Windows
#

---------------  T H R E A D  ---------------

Current thread (0x000000000a1e9800):  JavaThread "C1 CompilerThread3" daemon [_thread_in_vm, id=64800, stack(0x000000000bc20000,0x000000000bd20000)]

Stack: [0x000000000bc20000,0x000000000bd20000]
[error occurred during error reporting (printing stack bounds), id 0xc0000005]

Native frames: (J=compiled Java code, j=interpreted, Vv=VM code, C=native code)


Current CompileTask:
C1:  30616 1345       3       org.openqa.selenium.json.Types::narrow (62 bytes)


---------------  P R O C E S S  ---------------

Java Threads: ( => current thread )
  0x000000000a34f000 JavaThread "Okio Watchdog" daemon [_thread_blocked, id=58476, stack(0x000000000d950000,0x000000000da50000)]
  0x000000000a34e000 JavaThread "OkHttp ConnectionPool" daemon [_thread_blocked, id=65312, stack(0x000000000bd20000,0x000000000be20000)]
  0x000000000c7bc000 JavaThread "Exec Stream Pumper" daemon [_thread_in_native, id=62872, stack(0x000000000d140000,0x000000000d240000)]
  0x000000000c7b1000 JavaThread "Exec Stream Pumper" daemon [_thread_in_native, id=62704, stack(0x000000000d250000,0x000000000d350000)]
  0x000000000c7b0000 JavaThread "UrlChecker-2" daemon [_thread_blocked, id=63388, stack(0x000000000ccd0000,0x000000000cdd0000)]
  0x000000000c5b0000 JavaThread "Exec Default Executor" daemon [_thread_in_native, id=63316, stack(0x000000000ce10000,0x000000000cf10000)]
  0x000000000a265800 JavaThread "Service Thread" daemon [_thread_blocked, id=63728, stack(0x000000000b9c0000,0x000000000bac0000)]
=>0x000000000a1e9800 JavaThread "C1 CompilerThread3" daemon [_thread_in_vm, id=64800, stack(0x000000000bc20000,0x000000000bd20000)]
  0x000000000a1c8800 JavaThread "C2 CompilerThread2" daemon [_thread_blocked, id=66472, stack(0x000000000baf0000,0x000000000bbf0000)]
  0x000000000a1c1800 JavaThread "C2 CompilerThread1" daemon [_thread_in_native, id=65856, stack(0x000000000b7c0000,0x000000000b8c0000)]
  0x000000000a1b7000 JavaThread "C2 CompilerThread0" daemon [_thread_blocked, id=64080, stack(0x000000000b8c0000,0x000000000b9c0000)]
  0x000000000a1b1000 JavaThread "Attach Listener" daemon [_thread_blocked, id=65248, stack(0x000000000b650000,0x000000000b750000)]
  0x000000000a1b0000 JavaThread "Signal Dispatcher" daemon [_thread_blocked, id=65716, stack(0x000000000b4f0000,0x000000000b5f0000)]
  0x0000000008ff0800 JavaThread "Finalizer" daemon [_thread_blocked, id=62168, stack(0x000000000b1d0000,0x000000000b2d0000)]
  0x0000000008fe9000 JavaThread "Reference Handler" daemon [_thread_blocked, id=65596, stack(0x000000000b2d0000,0x000000000b3d0000)]
  0x000000000275f800 JavaThread "main" [_thread_blocked, id=65468, stack(0x0000000002a40000,0x0000000002b40000)]

Other Threads:
  0x0000000008fe2000 VMThread [stack: 0x000000000b0d0000,0x000000000b1d0000] [id=47912]
  0x000000000a26b800 WatcherThread [stack: 0x000000000be30000,0x000000000bf30000] [id=65376]

VM state:not at safepoint (normal execution)

VM Mutex/Monitor currently owned by a thread: None

heap address: 0x0000000082000000, size: 2016 MB, Compressed Oops mode: 32-bit
Narrow klass base: 0x0000000000000000, Narrow klass shift: 3
Compressed class space size: 1073741824 Address: 0x000000013f990000

Heap:
 PSYoungGen      total 37888K, used 9355K [0x00000000d6000000, 0x00000000d8a00000, 0x0000000100000000)
  eden space 32768K, 12% used [0x00000000d6000000,0x00000000d6428648,0x00000000d8000000)
  from space 5120K, 99% used [0x00000000d8000000,0x00000000d84fa5e0,0x00000000d8500000)
  to   space 5120K, 0% used [0x00000000d8500000,0x00000000d8500000,0x00000000d8a00000)
 ParOldGen       total 86016K, used 1271K [0x0000000082000000, 0x0000000087400000, 0x00000000d6000000)
  object space 86016K, 1% used [0x0000000082000000,0x000000008213dc98,0x0000000087400000)
 Metaspace       used 13195K, capacity 13978K, committed 14208K, reserved 1060864K
  class space    used 1675K, capacity 1879K, committed 1920K, reserved 1048576K

Card table byte_map: [0x00000000031d0000,0x00000000035d0000] byte_map_base: 0x0000000002dc0000

Marking Bits: (ParMarkBitMap*) 0x0000000057795ce0
 Begin Bits: [0x0000000004310000, 0x0000000006290000)
 End Bits:   [0x0000000006290000, 0x0000000008210000)

Polling page: 0x0000000000250000

CodeCache: size=245760Kb used=4603Kb max_used=4615Kb free=241156Kb
 bounds [0x000000000f010000, 0x000000000f4a0000, 0x000000001e010000]
 total_blobs=1732 nmethods=1342 adapters=303
 compilation: enabled

Compilation events (10 events):
Event: 19.733 Thread 0x000000000a1e9800 1339       3       java.util.regex.Pattern$BitClass::isSatisfiedBy (22 bytes)
Event: 19.735 Thread 0x000000000a1e9800 nmethod 1339 0x000000000f48ee50 code [0x000000000f48efc0, 0x000000000f48f1d0]
Event: 30.592 Thread 0x000000000a1c1800 1340       4       java.util.regex.Matcher::search (109 bytes)
Event: 30.594 Thread 0x000000000a1e9800 1341       3       com.google.common.base.CharMatcher$And::matches (28 bytes)
Event: 30.595 Thread 0x000000000a1e9800 nmethod 1341 0x000000000f48f2d0 code [0x000000000f48f460, 0x000000000f48f7f8]
Event: 30.596 Thread 0x000000000a1e9800 1342       3       com.google.common.base.CharMatcher$Negated::matches (17 bytes)
Event: 30.597 Thread 0x000000000a1e9800 nmethod 1342 0x000000000f48f910 code [0x000000000f48fa80, 0x000000000f48fce8]
Event: 30.600 Thread 0x000000000a1e9800 1343       3       java.util.stream.AbstractPipeline::isParallel (8 bytes)
Event: 30.601 Thread 0x000000000a1e9800 nmethod 1343 0x000000000f48fdd0 code [0x000000000f48ff20, 0x000000000f490090]
Event: 30.601 Thread 0x000000000a1e9800 1345       3       org.openqa.selenium.json.Types::narrow (62 bytes)

GC Heap History (2 events):
Event: 11.364 GC heap before
{Heap before GC invocations=1 (full 0):
 PSYoungGen      total 37888K, used 32768K [0x00000000d6000000, 0x00000000d8a00000, 0x0000000100000000)
  eden space 32768K, 100% used [0x00000000d6000000,0x00000000d8000000,0x00000000d8000000)
  from space 5120K, 0% used [0x00000000d8500000,0x00000000d8500000,0x00000000d8a00000)
  to   space 5120K, 0% used [0x00000000d8000000,0x00000000d8000000,0x00000000d8500000)
 ParOldGen       total 86016K, used 0K [0x0000000082000000, 0x0000000087400000, 0x00000000d6000000)
  object space 86016K, 0% used [0x0000000082000000,0x0000000082000000,0x0000000087400000)
 Metaspace       used 12249K, capacity 12886K, committed 13056K, reserved 1060864K
  class space    used 1558K, capacity 1737K, committed 1792K, reserved 1048576K
Event: 11.411 GC heap after
Heap after GC invocations=1 (full 0):
 PSYoungGen      total 37888K, used 5097K [0x00000000d6000000, 0x00000000d8a00000, 0x0000000100000000)
  eden space 32768K, 0% used [0x00000000d6000000,0x00000000d6000000,0x00000000d8000000)
  from space 5120K, 99% used [0x00000000d8000000,0x00000000d84fa5e0,0x00000000d8500000)
  to   space 5120K, 0% used [0x00000000d8500000,0x00000000d8500000,0x00000000d8a00000)
 ParOldGen       total 86016K, used 1271K [0x0000000082000000, 0x0000000087400000, 0x00000000d6000000)
  object space 86016K, 1% used [0x0000000082000000,0x000000008213dc98,0x0000000087400000)
 Metaspace       used 12249K, capacity 12886K, committed 13056K, reserved 1060864K
  class space    used 1558K, capacity 1737K, committed 1792K, reserved 1048576K
}

Deoptimization events (10 events):
Event: 10.785 Thread 0x000000000275f800 Uncommon trap: reason=class_check action=maybe_recompile pc=0x000000000f34ebc4 method=java.util.regex.Matcher.search(I)Z @ 86
Event: 10.785 Thread 0x000000000275f800 Uncommon trap: reason=class_check action=maybe_recompile pc=0x000000000f2f49a4 method=java.util.regex.Pattern$Curly.match(Ljava/util/regex/Matcher;ILjava/lang/CharSequence;)Z @ 19
Event: 10.785 Thread 0x000000000275f800 Uncommon trap: reason=class_check action=maybe_recompile pc=0x000000000f34ebc4 method=java.util.regex.Matcher.search(I)Z @ 86
Event: 10.785 Thread 0x000000000275f800 Uncommon trap: reason=class_check action=maybe_recompile pc=0x000000000f34ebc4 method=java.util.regex.Matcher.search(I)Z @ 86
Event: 10.786 Thread 0x000000000275f800 Uncommon trap: reason=class_check action=maybe_recompile pc=0x000000000f34ebc4 method=java.util.regex.Matcher.search(I)Z @ 86
Event: 10.786 Thread 0x000000000275f800 Uncommon trap: reason=class_check action=maybe_recompile pc=0x000000000f2f49a4 method=java.util.regex.Pattern$Curly.match(Ljava/util/regex/Matcher;ILjava/lang/CharSequence;)Z @ 19
Event: 10.851 Thread 0x000000000275f800 Uncommon trap: reason=class_check action=maybe_recompile pc=0x000000000f2f49a4 method=java.util.regex.Pattern$Curly.match(Ljava/util/regex/Matcher;ILjava/lang/CharSequence;)Z @ 19
Event: 10.851 Thread 0x000000000275f800 Uncommon trap: reason=class_check action=maybe_recompile pc=0x000000000f2f49a4 method=java.util.regex.Pattern$Curly.match(Ljava/util/regex/Matcher;ILjava/lang/CharSequence;)Z @ 19
Event: 11.271 Thread 0x000000000275f800 Uncommon trap: reason=unstable_if action=reinterpret pc=0x000000000f3c4ce8 method=java.util.regex.Pattern$BmpCharProperty.match(Ljava/util/regex/Matcher;ILjava/lang/CharSequence;)Z @ 34
Event: 19.098 Thread 0x000000000275f800 Uncommon trap: reason=class_check action=maybe_recompile pc=0x000000000f315908 method=java.util.HashMap.putVal(ILjava/lang/Object;Ljava/lang/Object;ZZ)Ljava/lang/Object; @ 203

Classes redefined (0 events):
No events

Internal exceptions (10 events):
Event: 10.018 Thread 0x000000000275f800 Exception <a 'java/lang/ArrayIndexOutOfBoundsException': 18> (0x00000000d7839ba8) thrown at [C:\re\workspace\8-2-build-windows-amd64-cygwin\jdk8u211\12973\hotspot\src\share\vm\interpreter\interpreterRuntime.cpp, line 368]
Event: 10.020 Thread 0x000000000275f800 Exception <a 'java/lang/ArrayIndexOutOfBoundsException': 110> (0x00000000d783b240) thrown at [C:\re\workspace\8-2-build-windows-amd64-cygwin\jdk8u211\12973\hotspot\src\share\vm\interpreter\interpreterRuntime.cpp, line 368]
Event: 10.026 Thread 0x000000000275f800 Exception <a 'java/lang/ArrayIndexOutOfBoundsException'> (0x00000000d783c700) thrown at [C:\re\workspace\8-2-build-windows-amd64-cygwin\jdk8u211\12973\hotspot\src\share\vm\runtime\sharedRuntime.cpp, line 605]
Event: 10.031 Thread 0x000000000275f800 Exception <a 'java/lang/ArrayIndexOutOfBoundsException'> (0x00000000d783dac0) thrown at [C:\re\workspace\8-2-build-windows-amd64-cygwin\jdk8u211\12973\hotspot\src\share\vm\runtime\sharedRuntime.cpp, line 605]
Event: 10.032 Thread 0x000000000275f800 Exception <a 'java/lang/ArrayIndexOutOfBoundsException'> (0x00000000d783ed38) thrown at [C:\re\workspace\8-2-build-windows-amd64-cygwin\jdk8u211\12973\hotspot\src\share\vm\runtime\sharedRuntime.cpp, line 605]
Event: 10.036 Thread 0x000000000275f800 Exception <a 'java/lang/ArrayIndexOutOfBoundsException'> (0x00000000d7842e08) thrown at [C:\re\workspace\8-2-build-windows-amd64-cygwin\jdk8u211\12973\hotspot\src\share\vm\runtime\sharedRuntime.cpp, line 605]
Event: 10.039 Thread 0x000000000275f800 Exception <a 'java/lang/ArrayIndexOutOfBoundsException'> (0x00000000d78463b0) thrown at [C:\re\workspace\8-2-build-windows-amd64-cygwin\jdk8u211\12973\hotspot\src\share\vm\runtime\sharedRuntime.cpp, line 605]
Event: 10.370 Thread 0x000000000275f800 Exception <a 'java/lang/NoSuchMethodError': java.lang.Object.lambda$chars$0()Ljava/util/Spliterator$OfInt;> (0x00000000d79fa010) thrown at [C:\re\workspace\8-2-build-windows-amd64-cygwin\jdk8u211\12973\hotspot\src\share\vm\interpreter\linkResolver.cpp, li
Event: 19.012 Thread 0x000000000275f800 Exception <a 'java/lang/NoSuchMethodError': java.lang.Object.lambda$getResponseFunction$0(Lorg/openqa/selenium/remote/InitialHandshakeResponse;)Lorg/openqa/selenium/remote/ProtocolHandshake$Result;> (0x00000000d62c9b78) thrown at [C:\re\workspace\8-2-buil
Event: 19.747 Thread 0x000000000275f800 Exception <a 'java/net/SocketTimeoutException': Read timed out> (0x00000000d63a3428) thrown at [C:\re\workspace\8-2-build-windows-amd64-cygwin\jdk8u211\12973\hotspot\src\share\vm\prims\jni.cpp, line 736]

Events (10 events):
Event: 19.739 loading class java/util/Collections$UnmodifiableList$1
Event: 19.739 loading class java/util/Collections$UnmodifiableList$1 done
Event: 19.747 loading class sun/net/ConnectionResetException
Event: 19.748 loading class sun/net/ConnectionResetException done
Event: 30.596 loading class org/openqa/selenium/json/JsonInput
Event: 30.596 loading class org/openqa/selenium/json/JsonInput done
Event: 30.596 loading class org/openqa/selenium/json/JsonInput
Event: 30.596 loading class org/openqa/selenium/json/JsonInput done
Event: 30.596 loading class org/openqa/selenium/json/ResponseCoercer
Event: 30.596 loading class org/openqa/selenium/json/ResponseCoercer done


Dynamic libraries:
0x000000013f940000 - 0x000000013f977000 	C:\Program Files\Java\jre1.8.0_211\bin\javaw.exe
0x0000000077280000 - 0x000000007742a000 	C:\WINDOWS\SYSTEM32\ntdll.dll
0x0000000077160000 - 0x000000007727f000 	C:\WINDOWS\system32\kernel32.dll
0x000007fefd000000 - 0x000007fefd06a000 	C:\WINDOWS\system32\KERNELBASE.dll
0x0000000074cb0000 - 0x0000000074d39000 	C:\WINDOWS\System32\SYSFER.DLL
0x000007fefd370000 - 0x000007fefd44b000 	C:\WINDOWS\system32\ADVAPI32.dll
0x000007fefe910000 - 0x000007fefe9af000 	C:\WINDOWS\system32\msvcrt.dll
0x000007fefe340000 - 0x000007fefe35f000 	C:\WINDOWS\SYSTEM32\sechost.dll
0x000007fefe760000 - 0x000007fefe88d000 	C:\WINDOWS\system32\RPCRT4.dll
0x0000000077060000 - 0x000000007715a000 	C:\WINDOWS\system32\USER32.dll
0x000007fefe360000 - 0x000007fefe3c7000 	C:\WINDOWS\system32\GDI32.dll
0x000007feff220000 - 0x000007feff22e000 	C:\WINDOWS\system32\LPK.dll
0x000007fefe9b0000 - 0x000007fefea7a000 	C:\WINDOWS\system32\USP10.dll
0x000007fefc010000 - 0x000007fefc204000 	C:\WINDOWS\WinSxS\amd64_microsoft.windows.common-controls_6595b64144ccf1df_6.0.7601.18837_none_fa3b1e3d17594757\COMCTL32.dll
0x000007fefd450000 - 0x000007fefd4c1000 	C:\WINDOWS\system32\SHLWAPI.dll
0x000007feff060000 - 0x000007feff08e000 	C:\WINDOWS\system32\IMM32.DLL
0x000007fefe3d0000 - 0x000007fefe4d9000 	C:\WINDOWS\system32\MSCTF.dll
0x000007fefced0000 - 0x000007fefcf14000 	C:\WINDOWS\system32\nvinitx.dll
0x000000000f000000 - 0x000000000f006000 	C:\Program Files\NVIDIA Corporation\CoProcManager\_etoured.dll
0x000007fef9450000 - 0x000007fef9495000 	C:\Program Files\NVIDIA Corporation\CoProcManager\nvd3d9wrapx.dll
0x000007fefe4e0000 - 0x000007fefe6b7000 	C:\WINDOWS\system32\SETUPAPI.dll
0x000007fefd250000 - 0x000007fefd286000 	C:\WINDOWS\system32\CFGMGR32.dll
0x000007fefe260000 - 0x000007fefe33a000 	C:\WINDOWS\system32\OLEAUT32.dll
0x000007fefeb20000 - 0x000007fefed23000 	C:\WINDOWS\system32\ole32.dll
0x000007fefcfe0000 - 0x000007fefcffa000 	C:\WINDOWS\system32\DEVOBJ.dll
0x000007fef9110000 - 0x000007fef9147000 	C:\Program Files\NVIDIA Corporation\CoProcManager\nvdxgiwrapx.dll
0x000000005bce0000 - 0x000000005bdb2000 	C:\Program Files\Java\jre1.8.0_211\bin\msvcr100.dll
0x0000000056f70000 - 0x0000000057815000 	C:\Program Files\Java\jre1.8.0_211\bin\server\jvm.dll
0x000007fef8120000 - 0x000007fef8129000 	C:\WINDOWS\system32\WSOCK32.dll
0x000007feff010000 - 0x000007feff05d000 	C:\WINDOWS\system32\WS2_32.dll
0x000007fefed30000 - 0x000007fefed38000 	C:\WINDOWS\system32\NSI.dll
0x000007fefaff0000 - 0x000007fefb02b000 	C:\WINDOWS\system32\WINMM.dll
0x000007fefbce0000 - 0x000007fefbcec000 	C:\WINDOWS\system32\VERSION.dll
0x0000000077440000 - 0x0000000077447000 	C:\WINDOWS\system32\PSAPI.DLL
0x000007feea480000 - 0x000007feea48f000 	C:\Program Files\Java\jre1.8.0_211\bin\verify.dll
0x000007fed5450000 - 0x000007fed5479000 	C:\Program Files\Java\jre1.8.0_211\bin\java.dll
0x000007fee7e90000 - 0x000007fee7ea6000 	C:\Program Files\Java\jre1.8.0_211\bin\zip.dll
0x000007fefd4d0000 - 0x000007fefe25a000 	C:\WINDOWS\system32\SHELL32.dll
0x000007fefcfc0000 - 0x000007fefcfcf000 	C:\WINDOWS\system32\profapi.dll
0x000007fefa9e0000 - 0x000007fefa9fa000 	C:\Program Files\Java\jre1.8.0_211\bin\net.dll
0x000007feff090000 - 0x000007feff214000 	C:\WINDOWS\system32\urlmon.dll
0x000007fefd230000 - 0x000007fefd234000 	C:\WINDOWS\system32\api-ms-win-downlevel-ole32-l1-1-0.dll
0x000007fefd240000 - 0x000007fefd244000 	C:\WINDOWS\system32\api-ms-win-downlevel-shlwapi-l1-1-0.dll
0x0000000001e00000 - 0x0000000001e05000 	C:\WINDOWS\system32\api-ms-win-downlevel-advapi32-l1-1-0.dll
0x000007fefd0a0000 - 0x000007fefd0a4000 	C:\WINDOWS\system32\api-ms-win-downlevel-user32-l1-1-0.dll
0x000007fefd070000 - 0x000007fefd074000 	C:\WINDOWS\system32\api-ms-win-downlevel-version-l1-1-0.dll
0x000007fefd220000 - 0x000007fefd223000 	C:\WINDOWS\system32\api-ms-win-downlevel-normaliz-l1-1-0.dll
0x0000000077450000 - 0x0000000077453000 	C:\WINDOWS\system32\normaliz.DLL
0x000007fefed40000 - 0x000007feff009000 	C:\WINDOWS\system32\iertutil.dll
0x000007feff290000 - 0x000007feff562000 	C:\WINDOWS\system32\WININET.dll
0x000007fefd080000 - 0x000007fefd09e000 	C:\WINDOWS\system32\USERENV.dll
0x000007fefc800000 - 0x000007fefc855000 	C:\WINDOWS\system32\mswsock.dll
0x000007fefc7f0000 - 0x000007fefc7f7000 	C:\WINDOWS\System32\wship6.dll
0x000007fefbdb0000 - 0x000007fefbdb7000 	C:\WINDOWS\System32\wshtcpip.dll
0x000007fefc5c0000 - 0x000007fefc61b000 	C:\WINDOWS\system32\DNSAPI.dll
0x0000000073a20000 - 0x0000000073a46000 	C:\Program Files\Bonjour\mdnsNSP.dll
0x000007fef9eb0000 - 0x000007fef9ed7000 	C:\WINDOWS\system32\Iphlpapi.DLL
0x000007fef9e50000 - 0x000007fef9e5b000 	C:\WINDOWS\system32\WINNSI.DLL
0x000007fef85d0000 - 0x000007fef85d8000 	C:\WINDOWS\system32\rasadhlp.dll
0x000007fef9bc0000 - 0x000007fef9c13000 	C:\WINDOWS\System32\fwpuclnt.dll
0x000007feec180000 - 0x000007feec1a4000 	C:\Program Files\Java\jre1.8.0_211\bin\sunec.dll
0x000007fee7ec0000 - 0x000007fee7ecb000 	C:\Program Files\Java\jre1.8.0_211\bin\sunmscapi.dll
0x000007fefd0b0000 - 0x000007fefd21d000 	C:\WINDOWS\system32\CRYPT32.dll
0x000007fefcfb0000 - 0x000007fefcfbf000 	C:\WINDOWS\system32\MSASN1.dll
0x000007fef9760000 - 0x000007fef9778000 	C:\WINDOWS\system32\dhcpcsvc.DLL
0x000007fef9720000 - 0x000007fef9731000 	C:\WINDOWS\system32\dhcpcsvc6.DLL
0x000007feec230000 - 0x000007feec242000 	C:\Program Files\Java\jre1.8.0_211\bin\nio.dll
0x000007fefc860000 - 0x000007fefc878000 	C:\WINDOWS\system32\CRYPTSP.dll
0x000007fefc4a0000 - 0x000007fefc4e7000 	C:\WINDOWS\system32\rsaenh.dll
0x000007fefce00000 - 0x000007fefce0f000 	C:\WINDOWS\system32\CRYPTBASE.dll
0x000007fefcda0000 - 0x000007fefcdf7000 	C:\WINDOWS\system32\apphelp.dll

VM Arguments:
jvm_args: -Dfile.encoding=Cp1252 
java_command: salesForceTestCases.OppSummaryReport_TC_19
java_class_path (initial): C:\Jyothi\JAVA_programs\salesForce\bin;C:\Jyothi\libs\selenium-server-standalone-3.141.59.jar
Launcher Type: SUN_STANDARD

Environment Variables:
JAVA_HOME=C:\Program Files\Java\jdk1.8.0_211
JRE_HOME=C:\Program Files (x86)\IBM\RationalSDLC\Common\Java5.0\jre
CLASSPATH=C:\Program Files (x86)\IBM\RationalSDLC\ClearQuest\cqjni.jar
PATH=C:/Program Files/Java/jre1.8.0_211/bin/server;C:/Program Files/Java/jre1.8.0_211/bin;C:/Program Files/Java/jre1.8.0_211/lib/amd64;C:\Program Files (x86)\Common Files\Oracle\Java\javapath;C:\ProgramData\Oracle\Java\javapath;C:\Program Files (x86)\Teradata\Client\13.10\ODBC Driver for Teradata\Lib\;C:\Program Files (x86)\Teradata\Client\13.10\bin\;C:\Program Files (x86)\Teradata\Client\13.10\CLIv2\;C:\Program Files (x86)\Teradata\Client\13.10\Shared ICU Libraries for Teradata\lib\;C:\Program Files (x86)\IBM\RationalSDLC\Clearquest\cqcli\bin;C:\PERL51001\Perl\site\bin;C:\PERL51001\Perl\bin;C:\Program Files (x86)\RSA SecurID Token Common;C:\WINDOWS\system32;C:\WINDOWS;C:\WINDOWS\System32\Wbem;C:\Program Files (x86)\Microsoft Application Virtualization Client;C:\Program Files (x86)\Intel\OpenCL SDK\2.0\bin\x86;C:\Program Files (x86)\Intel\OpenCL SDK\2.0\bin\x64;C:\Program Files\WIDCOMM\Bluetooth Software\;C:\Program Files\WIDCOMM\Bluetooth Software\syswow64;C:\Program Files (x86)\java\jre6\bin\;C:\Perl64\bin;C:\Program Files (x86)\Perforce;C:\Program Files (x86)\IBM\RationalSDLC\ClearCase\bin;C:\Program Files (x86)\IBM\RationalSDLC\common;C:\WINDOWS\System32\Windows System Resource Manager\bin;C:\WINDOWS\idmu\common;C:\WINDOWS\System32\WindowsPowerShell\v1.0\;C:\Program Files\1E\NomadBranch\;C:\WINDOWS\System32\WindowsPowerShell\v1.0\;C:\WINDOWS\System32\WindowsPowerShell\v1.0\;C:\WINDOWS\System32\WindowsPowerShell\v1.0\;C:\Program Files (x86)\Skype\Phone\;C:\Program Files\Java\jdk1.8.0_211\bin;C:\Program Files\nodejs\;C:\Jyothi\Git\cmd;C:\Jyothi\Mavenfiles\apache-maven-3.6.1\C:\Users\adudi\AppData\Roaming\npm;;C:\Jyothi\Microsoft VS Code\bin;C:\Users\adudi\AppData\Roaming\npm;C:\Jyothi\Mavenfiles\apache-maven-3.6.1\bin;C:\Users\adudi\AppData\Roaming\npm;C:\Jyothi\eclipse;
USERNAME=adudi
OS=Windows_NT
PROCESSOR_IDENTIFIER=Intel64 Family 6 Model 58 Stepping 9, GenuineIntel



---------------  S Y S T E M  ---------------

OS: Windows 7 , 64 bit Build 7601 (6.1.7601.23543)

CPU:total 8 (initial active 8) (4 cores per cpu, 2 threads per core) family 6 model 58 stepping 9, cmov, cx8, fxsr, mmx, sse, sse2, sse3, ssse3, sse4.1, sse4.2, popcnt, avx, aes, clmul, erms, ht, tsc, tscinvbit, tscinv

Memory: 4k page, physical 8256592k(876016k free), swap 33024508k(4848k free)

vm_info: Java HotSpot(TM) 64-Bit Server VM (25.211-b12) for windows-amd64 JRE (1.8.0_211-b12), built on Apr  1 2019 20:53:26 by "java_re" with MS VC++ 10.0 (VS2010)

time: Fri Jul 12 09:16:26 2019
timezone: Central Daylight Time
elapsed time: 30 seconds (0d 0h 0m 30s)

